<?xml version="1.0" encoding="UTF-8"?>
<coverage generated="1637686144460" clover="3.2.0">
  <project timestamp="1637686144460" name="All files">
    <metrics statements="20" coveredstatements="17" conditionals="23" coveredconditionals="12" methods="5" coveredmethods="4" elements="48" coveredelements="33" complexity="0" loc="20" ncloc="20" packages="2" files="3" classes="3"/>
    <package name="mocks">
      <metrics statements="6" coveredstatements="5" conditionals="0" coveredconditionals="0" methods="3" coveredmethods="2"/>
      <file name="books.ts" path="D:\sklep\books-shop\src\mocks\books.ts">
        <metrics statements="6" coveredstatements="5" conditionals="0" coveredconditionals="0" methods="3" coveredmethods="2"/>
        <line num="4" count="1" type="stmt"/>
        <line num="5" count="4" type="stmt"/>
        <line num="17" count="1" type="stmt"/>
        <line num="18" count="2" type="stmt"/>
        <line num="26" count="1" type="stmt"/>
        <line num="27" count="0" type="stmt"/>
      </file>
    </package>
    <package name="store.BooksStore">
      <metrics statements="14" coveredstatements="12" conditionals="23" coveredconditionals="12" methods="2" coveredmethods="2"/>
      <file name="Books.reducer.ts" path="D:\sklep\books-shop\src\store\BooksStore\Books.reducer.ts">
        <metrics statements="10" coveredstatements="8" conditionals="21" coveredconditionals="10" methods="1" coveredmethods="1"/>
        <line num="1" count="1" type="stmt"/>
        <line num="3" count="1" type="stmt"/>
        <line num="9" count="1" type="stmt"/>
        <line num="10" count="3" type="cond" truecount="0" falsecount="1"/>
        <line num="13" count="3" type="cond" truecount="6" falsecount="2"/>
        <line num="15" count="2" type="stmt"/>
        <line num="26" count="0" type="stmt"/>
        <line num="31" count="0" type="stmt"/>
        <line num="37" count="1" type="stmt"/>
        <line num="41" count="1" type="stmt"/>
      </file>
      <file name="Books.types.ts" path="D:\sklep\books-shop\src\store\BooksStore\Books.types.ts">
        <metrics statements="4" coveredstatements="4" conditionals="2" coveredconditionals="2" methods="1" coveredmethods="1"/>
        <line num="44" count="1" type="cond" truecount="2" falsecount="0"/>
        <line num="45" count="1" type="stmt"/>
        <line num="46" count="1" type="stmt"/>
        <line num="47" count="1" type="stmt"/>
      </file>
    </package>
  </project>
</coverage>
