{"D:\\sklep\\books-shop\\src\\mocks\\books.ts": {"path":"D:\\sklep\\books-shop\\src\\mocks\\books.ts","statementMap":{"0":{"start":{"line":4,"column":29},"end":{"line":15,"column":1}},"1":{"start":{"line":5,"column":4},"end":{"line":13,"column":null}},"2":{"start":{"line":4,"column":13},"end":{"line":4,"column":29}},"3":{"start":{"line":17,"column":33},"end":{"line":24,"column":1}},"4":{"start":{"line":18,"column":4},"end":{"line":22,"column":null}},"5":{"start":{"line":17,"column":13},"end":{"line":17,"column":33}},"6":{"start":{"line":26,"column":33},"end":{"line":35,"column":1}},"7":{"start":{"line":27,"column":4},"end":{"line":33,"column":null}},"8":{"start":{"line":26,"column":13},"end":{"line":26,"column":33}}},"fnMap":{"0":{"name":"(anonymous_2)","decl":{"start":{"line":4,"column":29},"end":{"line":4,"column":30}},"loc":{"start":{"line":4,"column":51},"end":{"line":15,"column":1}}},"1":{"name":"(anonymous_3)","decl":{"start":{"line":17,"column":33},"end":{"line":17,"column":34}},"loc":{"start":{"line":17,"column":59},"end":{"line":24,"column":1}}},"2":{"name":"(anonymous_4)","decl":{"start":{"line":26,"column":33},"end":{"line":26,"column":34}},"loc":{"start":{"line":26,"column":59},"end":{"line":35,"column":1}}}},"branchMap":{},"s":{"0":1,"1":4,"2":1,"3":1,"4":2,"5":1,"6":1,"7":0,"8":1},"f":{"0":4,"1":2,"2":0},"b":{}}
,"D:\\sklep\\books-shop\\src\\store\\BooksStore\\Books.reducer.ts": {"path":"D:\\sklep\\books-shop\\src\\store\\BooksStore\\Books.reducer.ts","statementMap":{"0":{"start":{"line":1,"column":0},"end":{"line":1,"column":81}},"1":{"start":{"line":3,"column":13},"end":{"line":7,"column":2}},"2":{"start":{"line":9,"column":28},"end":{"line":39,"column":1}},"3":{"start":{"line":10,"column":4},"end":{"line":10,"column":null}},"4":{"start":{"line":13,"column":4},"end":{"line":38,"column":null}},"5":{"start":{"line":15,"column":12},"end":{"line":23,"column":null}},"6":{"start":{"line":26,"column":12},"end":{"line":28,"column":null}},"7":{"start":{"line":31,"column":12},"end":{"line":33,"column":null}},"8":{"start":{"line":37,"column":12},"end":{"line":37,"column":25}},"9":{"start":{"line":9,"column":13},"end":{"line":9,"column":28}},"10":{"start":{"line":41,"column":0},"end":{"line":41,"column":28}}},"fnMap":{"0":{"name":"(anonymous_2)","decl":{"start":{"line":9,"column":28},"end":{"line":9,"column":null}},"loc":{"start":{"line":11,"column":31},"end":{"line":39,"column":1}}}},"branchMap":{"0":{"loc":{"start":{"line":10,"column":4},"end":{"line":10,"column":null}},"type":"if","locations":[{"start":{"line":10,"column":4},"end":{"line":10,"column":null}}]},"1":{"loc":{"start":{"line":13,"column":4},"end":{"line":38,"column":null}},"type":"switch","locations":[{"start":{"line":14,"column":8},"end":{"line":23,"column":null}},{"start":{"line":25,"column":8},"end":{"line":28,"column":null}},{"start":{"line":30,"column":8},"end":{"line":33,"column":null}},{"start":{"line":36,"column":8},"end":{"line":37,"column":25}}]},"2":{"loc":{"start":{"line":13,"column":12},"end":{"line":13,"column":24}},"type":"cond-expr","locations":[{"start":{"line":13,"column":18},"end":{"line":13,"column":20}},{"start":{"line":13,"column":12},"end":{"line":13,"column":24}}]},"3":{"loc":{"start":{"line":13,"column":12},"end":{"line":13,"column":20}},"type":"binary-expr","locations":[{"start":{"line":13,"column":12},"end":{"line":13,"column":20}},{"start":{"line":13,"column":12},"end":{"line":13,"column":20}}]},"4":{"loc":{"start":{"line":20,"column":27},"end":{"line":20,"column":49}},"type":"cond-expr","locations":[{"start":{"line":20,"column":38},"end":{"line":20,"column":40}},{"start":{"line":20,"column":38},"end":{"line":20,"column":49}}]},"5":{"loc":{"start":{"line":20,"column":27},"end":{"line":20,"column":40}},"type":"binary-expr","locations":[{"start":{"line":20,"column":27},"end":{"line":20,"column":40}},{"start":{"line":20,"column":38},"end":{"line":20,"column":40}}]},"6":{"loc":{"start":{"line":28,"column":25},"end":{"line":28,"column":48}},"type":"cond-expr","locations":[{"start":{"line":28,"column":39},"end":{"line":28,"column":43}},{"start":{"line":28,"column":43},"end":{"line":28,"column":48}}]},"7":{"loc":{"start":{"line":28,"column":25},"end":{"line":28,"column":43}},"type":"binary-expr","locations":[{"start":{"line":28,"column":25},"end":{"line":28,"column":43}},{"start":{"line":28,"column":39},"end":{"line":28,"column":43}}]},"8":{"loc":{"start":{"line":33,"column":23},"end":{"line":33,"column":50}},"type":"cond-expr","locations":[{"start":{"line":33,"column":37},"end":{"line":33,"column":41}},{"start":{"line":33,"column":41},"end":{"line":33,"column":50}}]},"9":{"loc":{"start":{"line":33,"column":23},"end":{"line":33,"column":41}},"type":"binary-expr","locations":[{"start":{"line":33,"column":23},"end":{"line":33,"column":41}},{"start":{"line":33,"column":37},"end":{"line":33,"column":41}}]}},"s":{"0":1,"1":1,"2":1,"3":3,"4":3,"5":2,"6":0,"7":0,"8":1,"9":1,"10":1},"f":{"0":3},"b":{"0":[0],"1":[2,0,0,1],"2":[1,2],"3":[3,3],"4":[1,1],"5":[2,2],"6":[0,0],"7":[0,0],"8":[0,0],"9":[0,0]}}
,"D:\\sklep\\books-shop\\src\\store\\BooksStore\\Books.types.ts": {"path":"D:\\sklep\\books-shop\\src\\store\\BooksStore\\Books.types.ts","statementMap":{"0":{"start":{"line":44,"column":0},"end":{"line":44,"column":null}},"1":{"start":{"line":45,"column":4},"end":{"line":45,"column":null}},"2":{"start":{"line":46,"column":4},"end":{"line":46,"column":null}},"3":{"start":{"line":47,"column":4},"end":{"line":47,"column":null}}},"fnMap":{"0":{"name":"(anonymous_0)","decl":{"start":{"line":44,"column":0},"end":{"line":44,"column":12}},"loc":{"start":{"line":44,"column":28},"end":{"line":48,"column":1}}}},"branchMap":{"0":{"loc":{"start":{"line":44,"column":12},"end":{"line":44,"column":null}},"type":"binary-expr","locations":[{"start":{"line":44,"column":12},"end":{"line":44,"column":28}},{"start":{"line":44,"column":12},"end":{"line":44,"column":null}}]}},"s":{"0":1,"1":1,"2":1,"3":1},"f":{"0":1},"b":{"0":[1,1]}}
}
