{"D:\\sklep\\books-shop\\src\\api.ts": {"path":"D:\\sklep\\books-shop\\src\\api.ts","statementMap":{"0":{"start":{"line":1,"column":0},"end":{"line":1,"column":26}},"1":{"start":{"line":3,"column":19},"end":{"line":9,"column":1}},"2":{"start":{"line":4,"column":21},"end":{"line":6,"column":6}},"3":{"start":{"line":8,"column":4},"end":{"line":8,"column":20}},"4":{"start":{"line":3,"column":13},"end":{"line":3,"column":19}},"5":{"start":{"line":11,"column":0},"end":{"line":11,"column":19}}},"fnMap":{"0":{"name":"(anonymous_1)","decl":{"start":{"line":3,"column":19},"end":{"line":3,"column":null}},"loc":{"start":{"line":3,"column":19},"end":{"line":9,"column":1}}}},"branchMap":{},"s":{"0":1,"1":1,"2":0,"3":0,"4":1,"5":1},"f":{"0":0},"b":{}}
,"D:\\sklep\\books-shop\\src\\components\\CartItem\\CartItem.tsx": {"path":"D:\\sklep\\books-shop\\src\\components\\CartItem\\CartItem.tsx","statementMap":{"0":{"start":{"line":1,"column":0},"end":{"line":1,"column":48}},"1":{"start":{"line":2,"column":0},"end":{"line":2,"column":67}},"2":{"start":{"line":4,"column":0},"end":{"line":4,"column":77}},"3":{"start":{"line":6,"column":0},"end":{"line":6,"column":30}},"4":{"start":{"line":14,"column":42},"end":{"line":40,"column":1}},"5":{"start":{"line":14,"column":53},"end":{"line":14,"column":55}},"6":{"start":{"line":14,"column":64},"end":{"line":14,"column":66}},"7":{"start":{"line":14,"column":80},"end":{"line":14,"column":82}},"8":{"start":{"line":15,"column":28},"end":{"line":15,"column":43}},"9":{"start":{"line":15,"column":34},"end":{"line":15,"column":54}},"10":{"start":{"line":16,"column":29},"end":{"line":16,"column":49}},"11":{"start":{"line":16,"column":35},"end":{"line":16,"column":80}},"12":{"start":{"line":18,"column":4},"end":{"line":39,"column":6}},"13":{"start":{"line":42,"column":0},"end":{"line":42,"column":70}}},"fnMap":{"0":{"name":"(anonymous_8)","decl":{"start":{"line":14,"column":42},"end":{"line":14,"column":43}},"loc":{"start":{"line":14,"column":82},"end":{"line":40,"column":1}}},"1":{"name":"(anonymous_9)","decl":{"start":{"line":15,"column":28},"end":{"line":15,"column":34}},"loc":{"start":{"line":15,"column":28},"end":{"line":15,"column":43}}},"2":{"name":"(anonymous_10)","decl":{"start":{"line":16,"column":29},"end":{"line":16,"column":35}},"loc":{"start":{"line":16,"column":29},"end":{"line":16,"column":49}}}},"branchMap":{},"s":{"0":1,"1":1,"2":1,"3":1,"4":1,"5":1,"6":1,"7":1,"8":1,"9":0,"10":1,"11":0,"12":1,"13":1},"f":{"0":1,"1":0,"2":0},"b":{}}
,"D:\\sklep\\books-shop\\src\\components\\CartItem\\styles.ts": {"path":"D:\\sklep\\books-shop\\src\\components\\CartItem\\styles.ts","statementMap":{"0":{"start":{"line":1,"column":0},"end":{"line":1,"column":39}},"1":{"start":{"line":3,"column":13},"end":{"line":13,"column":2}},"2":{"start":{"line":15,"column":13},"end":{"line":21,"column":2}},"3":{"start":{"line":23,"column":13},"end":{"line":34,"column":2}},"4":{"start":{"line":36,"column":13},"end":{"line":58,"column":2}}},"fnMap":{},"branchMap":{"0":{"loc":{"start":{"line":3,"column":36},"end":{"line":13,"column":2}},"type":"binary-expr","locations":[{"start":{"line":3,"column":36},"end":{"line":3,"column":null}},{"start":{"line":3,"column":36},"end":{"line":13,"column":2}}]},"1":{"loc":{"start":{"line":15,"column":34},"end":{"line":21,"column":2}},"type":"binary-expr","locations":[{"start":{"line":15,"column":34},"end":{"line":15,"column":null}},{"start":{"line":15,"column":34},"end":{"line":21,"column":2}}]},"2":{"loc":{"start":{"line":23,"column":36},"end":{"line":34,"column":2}},"type":"binary-expr","locations":[{"start":{"line":23,"column":36},"end":{"line":23,"column":null}},{"start":{"line":23,"column":36},"end":{"line":34,"column":2}}]},"3":{"loc":{"start":{"line":36,"column":36},"end":{"line":58,"column":2}},"type":"binary-expr","locations":[{"start":{"line":36,"column":36},"end":{"line":36,"column":null}},{"start":{"line":36,"column":36},"end":{"line":58,"column":2}}]}},"s":{"0":1,"1":1,"2":1,"3":1,"4":1},"f":{},"b":{"0":[1,1],"1":[1,1],"2":[1,1],"3":[1,1]}}
,"D:\\sklep\\books-shop\\src\\mocks\\books.ts": {"path":"D:\\sklep\\books-shop\\src\\mocks\\books.ts","statementMap":{"0":{"start":{"line":4,"column":29},"end":{"line":15,"column":1}},"1":{"start":{"line":5,"column":4},"end":{"line":13,"column":null}},"2":{"start":{"line":4,"column":13},"end":{"line":4,"column":29}},"3":{"start":{"line":17,"column":33},"end":{"line":24,"column":1}},"4":{"start":{"line":18,"column":4},"end":{"line":22,"column":null}},"5":{"start":{"line":17,"column":13},"end":{"line":17,"column":33}},"6":{"start":{"line":26,"column":33},"end":{"line":35,"column":1}},"7":{"start":{"line":27,"column":4},"end":{"line":33,"column":null}},"8":{"start":{"line":26,"column":13},"end":{"line":26,"column":33}}},"fnMap":{"0":{"name":"(anonymous_2)","decl":{"start":{"line":4,"column":29},"end":{"line":4,"column":30}},"loc":{"start":{"line":4,"column":51},"end":{"line":15,"column":1}}},"1":{"name":"(anonymous_3)","decl":{"start":{"line":17,"column":33},"end":{"line":17,"column":34}},"loc":{"start":{"line":17,"column":59},"end":{"line":24,"column":1}}},"2":{"name":"(anonymous_4)","decl":{"start":{"line":26,"column":33},"end":{"line":26,"column":34}},"loc":{"start":{"line":26,"column":59},"end":{"line":35,"column":1}}}},"branchMap":{},"s":{"0":2,"1":4,"2":2,"3":2,"4":2,"5":2,"6":2,"7":1,"8":2},"f":{"0":4,"1":2,"2":1},"b":{}}
,"D:\\sklep\\books-shop\\src\\store\\RootReducers.ts": {"path":"D:\\sklep\\books-shop\\src\\store\\RootReducers.ts","statementMap":{"0":{"start":{"line":1,"column":0},"end":{"line":1,"column":40}},"1":{"start":{"line":2,"column":0},"end":{"line":2,"column":54}},"2":{"start":{"line":3,"column":0},"end":{"line":3,"column":51}},"3":{"start":{"line":5,"column":20},"end":{"line":5,"column":89}},"4":{"start":{"line":7,"column":0},"end":{"line":7,"column":27}}},"fnMap":{},"branchMap":{},"s":{"0":1,"1":1,"2":1,"3":1,"4":1},"f":{},"b":{}}
,"D:\\sklep\\books-shop\\src\\store\\Store.ts": {"path":"D:\\sklep\\books-shop\\src\\store\\Store.ts","statementMap":{"0":{"start":{"line":1,"column":0},"end":{"line":1,"column":53}},"1":{"start":{"line":2,"column":0},"end":{"line":2,"column":32}},"2":{"start":{"line":3,"column":0},"end":{"line":3,"column":63}},"3":{"start":{"line":4,"column":0},"end":{"line":4,"column":41}},"4":{"start":{"line":6,"column":14},"end":{"line":6,"column":83}},"5":{"start":{"line":11,"column":0},"end":{"line":11,"column":21}}},"fnMap":{},"branchMap":{},"s":{"0":1,"1":1,"2":1,"3":1,"4":1,"5":1},"f":{},"b":{}}
,"D:\\sklep\\books-shop\\src\\store\\BooksStore\\Books.reducer.ts": {"path":"D:\\sklep\\books-shop\\src\\store\\BooksStore\\Books.reducer.ts","statementMap":{"0":{"start":{"line":1,"column":0},"end":{"line":1,"column":81}},"1":{"start":{"line":3,"column":13},"end":{"line":7,"column":2}},"2":{"start":{"line":9,"column":28},"end":{"line":39,"column":1}},"3":{"start":{"line":10,"column":4},"end":{"line":10,"column":null}},"4":{"start":{"line":13,"column":4},"end":{"line":38,"column":null}},"5":{"start":{"line":15,"column":12},"end":{"line":23,"column":null}},"6":{"start":{"line":26,"column":12},"end":{"line":28,"column":null}},"7":{"start":{"line":31,"column":12},"end":{"line":33,"column":null}},"8":{"start":{"line":37,"column":12},"end":{"line":37,"column":25}},"9":{"start":{"line":9,"column":13},"end":{"line":9,"column":28}},"10":{"start":{"line":41,"column":0},"end":{"line":41,"column":28}}},"fnMap":{"0":{"name":"(anonymous_2)","decl":{"start":{"line":9,"column":28},"end":{"line":9,"column":null}},"loc":{"start":{"line":11,"column":31},"end":{"line":39,"column":1}}}},"branchMap":{"0":{"loc":{"start":{"line":10,"column":4},"end":{"line":10,"column":null}},"type":"if","locations":[{"start":{"line":10,"column":4},"end":{"line":10,"column":null}}]},"1":{"loc":{"start":{"line":13,"column":4},"end":{"line":38,"column":null}},"type":"switch","locations":[{"start":{"line":14,"column":8},"end":{"line":23,"column":null}},{"start":{"line":25,"column":8},"end":{"line":28,"column":null}},{"start":{"line":30,"column":8},"end":{"line":33,"column":null}},{"start":{"line":36,"column":8},"end":{"line":37,"column":25}}]},"2":{"loc":{"start":{"line":13,"column":12},"end":{"line":13,"column":24}},"type":"cond-expr","locations":[{"start":{"line":13,"column":18},"end":{"line":13,"column":20}},{"start":{"line":13,"column":12},"end":{"line":13,"column":24}}]},"3":{"loc":{"start":{"line":13,"column":12},"end":{"line":13,"column":20}},"type":"binary-expr","locations":[{"start":{"line":13,"column":12},"end":{"line":13,"column":20}},{"start":{"line":13,"column":12},"end":{"line":13,"column":20}}]},"4":{"loc":{"start":{"line":20,"column":27},"end":{"line":20,"column":49}},"type":"cond-expr","locations":[{"start":{"line":20,"column":38},"end":{"line":20,"column":40}},{"start":{"line":20,"column":38},"end":{"line":20,"column":49}}]},"5":{"loc":{"start":{"line":20,"column":27},"end":{"line":20,"column":40}},"type":"binary-expr","locations":[{"start":{"line":20,"column":27},"end":{"line":20,"column":40}},{"start":{"line":20,"column":38},"end":{"line":20,"column":40}}]},"6":{"loc":{"start":{"line":28,"column":25},"end":{"line":28,"column":48}},"type":"cond-expr","locations":[{"start":{"line":28,"column":39},"end":{"line":28,"column":43}},{"start":{"line":28,"column":43},"end":{"line":28,"column":48}}]},"7":{"loc":{"start":{"line":28,"column":25},"end":{"line":28,"column":43}},"type":"binary-expr","locations":[{"start":{"line":28,"column":25},"end":{"line":28,"column":43}},{"start":{"line":28,"column":39},"end":{"line":28,"column":43}}]},"8":{"loc":{"start":{"line":33,"column":23},"end":{"line":33,"column":50}},"type":"cond-expr","locations":[{"start":{"line":33,"column":37},"end":{"line":33,"column":41}},{"start":{"line":33,"column":41},"end":{"line":33,"column":50}}]},"9":{"loc":{"start":{"line":33,"column":23},"end":{"line":33,"column":41}},"type":"binary-expr","locations":[{"start":{"line":33,"column":23},"end":{"line":33,"column":41}},{"start":{"line":33,"column":37},"end":{"line":33,"column":41}}]}},"s":{"0":2,"1":2,"2":2,"3":9,"4":6,"5":2,"6":0,"7":0,"8":4,"9":2,"10":2},"f":{"0":6},"b":{"0":[3],"1":[2,0,0,4],"2":[1,5],"3":[6,6],"4":[1,1],"5":[2,2],"6":[0,0],"7":[0,0],"8":[0,0],"9":[0,0]}}
,"D:\\sklep\\books-shop\\src\\store\\BooksStore\\Books.types.ts": {"path":"D:\\sklep\\books-shop\\src\\store\\BooksStore\\Books.types.ts","statementMap":{"0":{"start":{"line":44,"column":0},"end":{"line":44,"column":null}},"1":{"start":{"line":45,"column":4},"end":{"line":45,"column":null}},"2":{"start":{"line":46,"column":4},"end":{"line":46,"column":null}},"3":{"start":{"line":47,"column":4},"end":{"line":47,"column":null}}},"fnMap":{"0":{"name":"(anonymous_0)","decl":{"start":{"line":44,"column":0},"end":{"line":44,"column":12}},"loc":{"start":{"line":44,"column":28},"end":{"line":48,"column":1}}}},"branchMap":{"0":{"loc":{"start":{"line":44,"column":12},"end":{"line":44,"column":null}},"type":"binary-expr","locations":[{"start":{"line":44,"column":12},"end":{"line":44,"column":28}},{"start":{"line":44,"column":12},"end":{"line":44,"column":null}}]}},"s":{"0":2,"1":2,"2":2,"3":2},"f":{"0":2},"b":{"0":[2,2]}}
,"D:\\sklep\\books-shop\\src\\store\\CartStore\\Cart.actions.ts": {"path":"D:\\sklep\\books-shop\\src\\store\\CartStore\\Cart.actions.ts","statementMap":{"0":{"start":{"line":4,"column":0},"end":{"line":4,"column":44}},"1":{"start":{"line":5,"column":0},"end":{"line":5,"column":null}},"2":{"start":{"line":22,"column":25},"end":{"line":22,"column":50}},"3":{"start":{"line":22,"column":49},"end":{"line":25,"column":3}},"4":{"start":{"line":22,"column":13},"end":{"line":22,"column":25}},"5":{"start":{"line":27,"column":30},"end":{"line":27,"column":55}},"6":{"start":{"line":27,"column":54},"end":{"line":30,"column":3}},"7":{"start":{"line":27,"column":13},"end":{"line":27,"column":30}},"8":{"start":{"line":32,"column":33},"end":{"line":32,"column":55}},"9":{"start":{"line":32,"column":54},"end":{"line":35,"column":3}},"10":{"start":{"line":32,"column":13},"end":{"line":32,"column":33}},"11":{"start":{"line":38,"column":4},"end":{"line":38,"column":29}},"12":{"start":{"line":38,"column":22},"end":{"line":64,"column":6}},"13":{"start":{"line":38,"column":66},"end":{"line":64,"column":6}},"14":{"start":{"line":40,"column":12},"end":{"line":40,"column":63}},"15":{"start":{"line":41,"column":12},"end":{"line":41,"column":63}},"16":{"start":{"line":42,"column":12},"end":{"line":42,"column":75}},"17":{"start":{"line":44,"column":64},"end":{"line":44,"column":null}},"18":{"start":{"line":44,"column":18},"end":{"line":44,"column":null}},"19":{"start":{"line":46,"column":12},"end":{"line":46,"column":98}},"20":{"start":{"line":46,"column":47},"end":{"line":46,"column":98}},"21":{"start":{"line":48,"column":12},"end":{"line":48,"column":78}},"22":{"start":{"line":49,"column":12},"end":{"line":51,"column":15}},"23":{"start":{"line":53,"column":12},"end":{"line":60,"column":null}},"24":{"start":{"line":54,"column":16},"end":{"line":57,"column":19}},"25":{"start":{"line":59,"column":16},"end":{"line":59,"column":89}},"26":{"start":{"line":62,"column":12},"end":{"line":62,"column":76}},"27":{"start":{"line":37,"column":13},"end":{"line":37,"column":null}}},"fnMap":{"0":{"name":"(anonymous_13)","decl":{"start":{"line":22,"column":25},"end":{"line":22,"column":26}},"loc":{"start":{"line":22,"column":44},"end":{"line":22,"column":50}}},"1":{"name":"(anonymous_14)","decl":{"start":{"line":27,"column":30},"end":{"line":27,"column":31}},"loc":{"start":{"line":27,"column":49},"end":{"line":27,"column":55}}},"2":{"name":"(anonymous_15)","decl":{"start":{"line":32,"column":33},"end":{"line":32,"column":34}},"loc":{"start":{"line":32,"column":49},"end":{"line":32,"column":55}}},"3":{"name":"(anonymous_16)","decl":{"start":{"line":38,"column":4},"end":{"line":38,"column":5}},"loc":{"start":{"line":38,"column":17},"end":{"line":38,"column":29}}},"4":{"name":"(anonymous_17)","decl":{"start":{"line":38,"column":22},"end":{"line":38,"column":29}},"loc":{"start":{"line":38,"column":66},"end":{"line":64,"column":6}}},"5":{"name":"(anonymous_18)","decl":{"start":{"line":38,"column":66},"end":{"line":38,"column":null}},"loc":{"start":{"line":38,"column":66},"end":{"line":64,"column":6}}}},"branchMap":{"0":{"loc":{"start":{"line":34,"column":13},"end":{"line":34,"column":31}},"type":"cond-expr","locations":[{"start":{"line":34,"column":13},"end":{"line":34,"column":18}},{"start":{"line":34,"column":22},"end":{"line":34,"column":31}}]},"1":{"loc":{"start":{"line":34,"column":13},"end":{"line":34,"column":22}},"type":"binary-expr","locations":[{"start":{"line":34,"column":13},"end":{"line":34,"column":22}},{"start":{"line":34,"column":13},"end":{"line":34,"column":22}}]},"2":{"loc":{"start":{"line":46,"column":12},"end":{"line":46,"column":98}},"type":"if","locations":[{"start":{"line":46,"column":12},"end":{"line":46,"column":98}}]},"3":{"loc":{"start":{"line":53,"column":12},"end":{"line":60,"column":null}},"type":"if","locations":[{"start":{"line":53,"column":12},"end":{"line":60,"column":null}},{"start":{"line":58,"column":19},"end":{"line":60,"column":null}}]},"4":{"loc":{"start":{"line":53,"column":16},"end":{"line":53,"column":51}},"type":"cond-expr","locations":[{"start":{"line":53,"column":42},"end":{"line":53,"column":44}},{"start":{"line":53,"column":42},"end":{"line":53,"column":51}}]},"5":{"loc":{"start":{"line":53,"column":16},"end":{"line":53,"column":44}},"type":"binary-expr","locations":[{"start":{"line":53,"column":16},"end":{"line":53,"column":44}},{"start":{"line":53,"column":42},"end":{"line":53,"column":44}}]},"6":{"loc":{"start":{"line":53,"column":16},"end":{"line":53,"column":42}},"type":"cond-expr","locations":[{"start":{"line":53,"column":35},"end":{"line":53,"column":37}},{"start":{"line":53,"column":35},"end":{"line":53,"column":42}}]},"7":{"loc":{"start":{"line":53,"column":16},"end":{"line":53,"column":37}},"type":"binary-expr","locations":[{"start":{"line":53,"column":16},"end":{"line":53,"column":37}},{"start":{"line":53,"column":35},"end":{"line":53,"column":37}}]},"8":{"loc":{"start":{"line":53,"column":16},"end":{"line":53,"column":35}},"type":"cond-expr","locations":[{"start":{"line":53,"column":29},"end":{"line":53,"column":31}},{"start":{"line":53,"column":29},"end":{"line":53,"column":35}}]},"9":{"loc":{"start":{"line":53,"column":16},"end":{"line":53,"column":31}},"type":"binary-expr","locations":[{"start":{"line":53,"column":16},"end":{"line":53,"column":31}},{"start":{"line":53,"column":29},"end":{"line":53,"column":31}}]},"10":{"loc":{"start":{"line":53,"column":16},"end":{"line":53,"column":29}},"type":"cond-expr","locations":[{"start":{"line":53,"column":19},"end":{"line":53,"column":21}},{"start":{"line":53,"column":16},"end":{"line":53,"column":29}}]},"11":{"loc":{"start":{"line":53,"column":16},"end":{"line":53,"column":21}},"type":"binary-expr","locations":[{"start":{"line":53,"column":16},"end":{"line":53,"column":21}},{"start":{"line":53,"column":16},"end":{"line":53,"column":21}}]}},"s":{"0":1,"1":1,"2":1,"3":0,"4":1,"5":1,"6":0,"7":1,"8":1,"9":0,"10":1,"11":1,"12":0,"13":0,"14":0,"15":0,"16":0,"17":0,"18":0,"19":0,"20":0,"21":0,"22":0,"23":0,"24":0,"25":0,"26":0,"27":1},"f":{"0":0,"1":0,"2":0,"3":0,"4":0,"5":0},"b":{"0":[0,0],"1":[0,0],"2":[0],"3":[0,0],"4":[0,0],"5":[0,0],"6":[0,0],"7":[0,0],"8":[0,0],"9":[0,0],"10":[0,0],"11":[0,0]}}
,"D:\\sklep\\books-shop\\src\\store\\CartStore\\Cart.reducer.ts": {"path":"D:\\sklep\\books-shop\\src\\store\\CartStore\\Cart.reducer.ts","statementMap":{"0":{"start":{"line":1,"column":0},"end":{"line":1,"column":87}},"1":{"start":{"line":3,"column":32},"end":{"line":10,"column":2}},"2":{"start":{"line":12,"column":20},"end":{"line":86,"column":1}},"3":{"start":{"line":13,"column":4},"end":{"line":13,"column":null}},"4":{"start":{"line":16,"column":4},"end":{"line":85,"column":null}},"5":{"start":{"line":18,"column":39},"end":{"line":18,"column":79}},"6":{"start":{"line":19,"column":41},"end":{"line":19,"column":64}},"7":{"start":{"line":21,"column":42},"end":{"line":22,"column":null}},"8":{"start":{"line":22,"column":24},"end":{"line":22,"column":null}},"9":{"start":{"line":24,"column":37},"end":{"line":24,"column":70}},"10":{"start":{"line":25,"column":42},"end":{"line":25,"column":44}},"11":{"start":{"line":27,"column":12},"end":{"line":36,"column":null}},"12":{"start":{"line":28,"column":33},"end":{"line":30,"column":null}},"13":{"start":{"line":32,"column":16},"end":{"line":32,"column":47}},"14":{"start":{"line":33,"column":16},"end":{"line":33,"column":65}},"15":{"start":{"line":35,"column":16},"end":{"line":35,"column":62}},"16":{"start":{"line":38,"column":12},"end":{"line":42,"column":null}},"17":{"start":{"line":46,"column":43},"end":{"line":46,"column":83}},"18":{"start":{"line":47,"column":45},"end":{"line":47,"column":68}},"19":{"start":{"line":49,"column":50},"end":{"line":50,"column":null}},"20":{"start":{"line":50,"column":24},"end":{"line":50,"column":null}},"21":{"start":{"line":52,"column":45},"end":{"line":52,"column":86}},"22":{"start":{"line":53,"column":45},"end":{"line":53,"column":47}},"23":{"start":{"line":55,"column":12},"end":{"line":64,"column":null}},"24":{"start":{"line":56,"column":16},"end":{"line":56,"column":90}},"25":{"start":{"line":56,"column":59},"end":{"line":56,"column":89}},"26":{"start":{"line":58,"column":33},"end":{"line":60,"column":null}},"27":{"start":{"line":62,"column":16},"end":{"line":62,"column":49}},"28":{"start":{"line":63,"column":16},"end":{"line":63,"column":76}},"29":{"start":{"line":66,"column":12},"end":{"line":70,"column":null}},"30":{"start":{"line":74,"column":12},"end":{"line":74,"column":58}},"31":{"start":{"line":77,"column":12},"end":{"line":77,"column":66}},"32":{"start":{"line":79,"column":12},"end":{"line":79,"column":68}},"33":{"start":{"line":81,"column":12},"end":{"line":81,"column":72}},"34":{"start":{"line":84,"column":12},"end":{"line":84,"column":25}},"35":{"start":{"line":88,"column":0},"end":{"line":88,"column":27}}},"fnMap":{"0":{"name":"(anonymous_3)","decl":{"start":{"line":12,"column":20},"end":{"line":12,"column":null}},"loc":{"start":{"line":14,"column":29},"end":{"line":86,"column":1}}},"1":{"name":"(anonymous_4)","decl":{"start":{"line":22,"column":16},"end":{"line":22,"column":20}},"loc":{"start":{"line":22,"column":20},"end":{"line":22,"column":28}}},"2":{"name":"(anonymous_5)","decl":{"start":{"line":50,"column":16},"end":{"line":50,"column":20}},"loc":{"start":{"line":50,"column":20},"end":{"line":50,"column":28}}},"3":{"name":"(anonymous_6)","decl":{"start":{"line":56,"column":51},"end":{"line":56,"column":55}},"loc":{"start":{"line":56,"column":55},"end":{"line":56,"column":63}}}},"branchMap":{"0":{"loc":{"start":{"line":13,"column":4},"end":{"line":13,"column":null}},"type":"if","locations":[{"start":{"line":13,"column":4},"end":{"line":13,"column":null}}]},"1":{"loc":{"start":{"line":16,"column":4},"end":{"line":85,"column":null}},"type":"switch","locations":[{"start":{"line":17,"column":8},"end":{"line":42,"column":null}},{"start":{"line":45,"column":8},"end":{"line":70,"column":null}},{"start":{"line":73,"column":8},"end":{"line":74,"column":58}},{"start":{"line":76,"column":8},"end":{"line":77,"column":66}},{"start":{"line":78,"column":8},"end":{"line":79,"column":68}},{"start":{"line":80,"column":8},"end":{"line":81,"column":72}},{"start":{"line":83,"column":8},"end":{"line":84,"column":25}}]},"2":{"loc":{"start":{"line":27,"column":12},"end":{"line":36,"column":null}},"type":"if","locations":[{"start":{"line":27,"column":12},"end":{"line":36,"column":null}},{"start":{"line":34,"column":19},"end":{"line":36,"column":null}}]},"3":{"loc":{"start":{"line":55,"column":12},"end":{"line":64,"column":null}},"type":"if","locations":[{"start":{"line":55,"column":12},"end":{"line":64,"column":null}},{"start":{"line":57,"column":19},"end":{"line":64,"column":null}}]},"4":{"loc":{"start":{"line":77,"column":40},"end":{"line":77,"column":63}},"type":"cond-expr","locations":[{"start":{"line":77,"column":54},"end":{"line":77,"column":58}},{"start":{"line":77,"column":58},"end":{"line":77,"column":63}}]},"5":{"loc":{"start":{"line":77,"column":40},"end":{"line":77,"column":58}},"type":"binary-expr","locations":[{"start":{"line":77,"column":40},"end":{"line":77,"column":58}},{"start":{"line":77,"column":54},"end":{"line":77,"column":58}}]},"6":{"loc":{"start":{"line":79,"column":38},"end":{"line":79,"column":65}},"type":"cond-expr","locations":[{"start":{"line":79,"column":52},"end":{"line":79,"column":56}},{"start":{"line":79,"column":56},"end":{"line":79,"column":65}}]},"7":{"loc":{"start":{"line":79,"column":38},"end":{"line":79,"column":56}},"type":"binary-expr","locations":[{"start":{"line":79,"column":38},"end":{"line":79,"column":56}},{"start":{"line":79,"column":52},"end":{"line":79,"column":56}}]},"8":{"loc":{"start":{"line":81,"column":42},"end":{"line":81,"column":69}},"type":"cond-expr","locations":[{"start":{"line":81,"column":56},"end":{"line":81,"column":60}},{"start":{"line":81,"column":60},"end":{"line":81,"column":69}}]},"9":{"loc":{"start":{"line":81,"column":42},"end":{"line":81,"column":60}},"type":"binary-expr","locations":[{"start":{"line":81,"column":42},"end":{"line":81,"column":60}},{"start":{"line":81,"column":56},"end":{"line":81,"column":60}}]}},"s":{"0":1,"1":1,"2":1,"3":6,"4":3,"5":0,"6":0,"7":0,"8":0,"9":0,"10":0,"11":0,"12":0,"13":0,"14":0,"15":0,"16":0,"17":0,"18":0,"19":0,"20":0,"21":0,"22":0,"23":0,"24":0,"25":0,"26":0,"27":0,"28":0,"29":0,"30":0,"31":0,"32":0,"33":0,"34":3,"35":1},"f":{"0":3,"1":0,"2":0,"3":0},"b":{"0":[3],"1":[0,0,0,0,0,0,3],"2":[0,0],"3":[0,0],"4":[0,0],"5":[0,0],"6":[0,0],"7":[0,0],"8":[0,0],"9":[0,0]}}
,"D:\\sklep\\books-shop\\src\\store\\CartStore\\Cart.services.ts": {"path":"D:\\sklep\\books-shop\\src\\store\\CartStore\\Cart.services.ts","statementMap":{"0":{"start":{"line":1,"column":0},"end":{"line":1,"column":26}},"1":{"start":{"line":4,"column":25},"end":{"line":4,"column":82}},"2":{"start":{"line":4,"column":44},"end":{"line":4,"column":82}},"3":{"start":{"line":4,"column":49},"end":{"line":4,"column":82}},"4":{"start":{"line":4,"column":13},"end":{"line":4,"column":25}}},"fnMap":{"0":{"name":"(anonymous_14)","decl":{"start":{"line":4,"column":25},"end":{"line":4,"column":32}},"loc":{"start":{"line":4,"column":44},"end":{"line":4,"column":82}}},"1":{"name":"(anonymous_15)","decl":{"start":{"line":4,"column":44},"end":{"line":4,"column":49}},"loc":{"start":{"line":4,"column":44},"end":{"line":4,"column":82}}}},"branchMap":{"0":{"loc":{"start":{"line":4,"column":49},"end":{"line":4,"column":82}},"type":"switch","locations":[{"start":{"line":4,"column":49},"end":{"line":4,"column":82}},{"start":{"line":4,"column":49},"end":{"line":4,"column":82}}]}},"s":{"0":1,"1":1,"2":0,"3":0,"4":1},"f":{"0":0,"1":0},"b":{"0":[0,0]}}
,"D:\\sklep\\books-shop\\src\\store\\CartStore\\Cart.types.ts": {"path":"D:\\sklep\\books-shop\\src\\store\\CartStore\\Cart.types.ts","statementMap":{"0":{"start":{"line":65,"column":0},"end":{"line":65,"column":null}},"1":{"start":{"line":66,"column":4},"end":{"line":66,"column":null}},"2":{"start":{"line":67,"column":4},"end":{"line":67,"column":null}},"3":{"start":{"line":68,"column":4},"end":{"line":68,"column":null}},"4":{"start":{"line":69,"column":4},"end":{"line":69,"column":null}},"5":{"start":{"line":70,"column":4},"end":{"line":70,"column":null}},"6":{"start":{"line":71,"column":4},"end":{"line":71,"column":null}}},"fnMap":{"0":{"name":"(anonymous_0)","decl":{"start":{"line":65,"column":0},"end":{"line":65,"column":12}},"loc":{"start":{"line":65,"column":27},"end":{"line":72,"column":1}}}},"branchMap":{"0":{"loc":{"start":{"line":65,"column":12},"end":{"line":65,"column":null}},"type":"binary-expr","locations":[{"start":{"line":65,"column":12},"end":{"line":65,"column":27}},{"start":{"line":65,"column":12},"end":{"line":65,"column":null}}]}},"s":{"0":1,"1":1,"2":1,"3":1,"4":1,"5":1,"6":1},"f":{"0":1},"b":{"0":[1,1]}}
}
