TN:
SF:src\api.ts
FN:3,(anonymous_1)
FNF:1
FNH:0
FNDA:0,(anonymous_1)
DA:1,1
DA:3,1
DA:4,0
DA:8,0
DA:11,1
LF:5
LH:3
BRF:0
BRH:0
end_of_record
TN:
SF:src\components\CartItem\CartItem.tsx
FN:14,(anonymous_8)
FN:15,(anonymous_9)
FN:16,(anonymous_10)
FNF:3
FNH:1
FNDA:1,(anonymous_8)
FNDA:0,(anonymous_9)
FNDA:0,(anonymous_10)
DA:1,1
DA:2,1
DA:4,1
DA:6,1
DA:14,1
DA:15,1
DA:16,1
DA:18,1
DA:42,1
LF:9
LH:9
BRF:0
BRH:0
end_of_record
TN:
SF:src\components\CartItem\styles.ts
FNF:0
FNH:0
DA:1,1
DA:3,1
DA:15,1
DA:23,1
DA:36,1
LF:5
LH:5
BRDA:3,0,0,1
BRDA:3,0,1,1
BRDA:15,1,0,1
BRDA:15,1,1,1
BRDA:23,2,0,1
BRDA:23,2,1,1
BRDA:36,3,0,1
BRDA:36,3,1,1
BRF:8
BRH:8
end_of_record
TN:
SF:src\mocks\books.ts
FN:3,(anonymous_2)
FN:16,(anonymous_3)
FNF:2
FNH:2
FNDA:4,(anonymous_2)
FNDA:2,(anonymous_3)
DA:3,1
DA:4,4
DA:16,1
DA:17,2
LF:4
LH:4
BRF:0
BRH:0
end_of_record
TN:
SF:src\mocks\cart.ts
FN:3,(anonymous_2)
FNF:1
FNH:1
FNDA:5,(anonymous_2)
DA:3,2
DA:4,5
LF:2
LH:2
BRF:0
BRH:0
end_of_record
TN:
SF:src\store\RootReducers.ts
FNF:0
FNH:0
DA:1,1
DA:2,1
DA:3,1
DA:5,1
DA:7,1
LF:5
LH:5
BRF:0
BRH:0
end_of_record
TN:
SF:src\store\Store.ts
FNF:0
FNH:0
DA:1,1
DA:2,1
DA:3,1
DA:4,1
DA:6,1
DA:11,1
LF:6
LH:6
BRF:0
BRH:0
end_of_record
TN:
SF:src\store\BooksStore\Books.reducer.ts
FN:9,(anonymous_2)
FNF:1
FNH:1
FNDA:6,(anonymous_2)
DA:1,2
DA:3,2
DA:9,2
DA:10,9
DA:13,6
DA:15,2
DA:26,0
DA:31,0
DA:37,4
DA:41,2
LF:10
LH:8
BRDA:10,0,0,3
BRDA:13,1,0,2
BRDA:13,1,1,0
BRDA:13,1,2,0
BRDA:13,1,3,4
BRDA:13,2,0,1
BRDA:13,2,1,5
BRDA:13,3,0,6
BRDA:13,3,1,6
BRDA:20,4,0,1
BRDA:20,4,1,1
BRDA:20,5,0,2
BRDA:20,5,1,2
BRDA:28,6,0,0
BRDA:28,6,1,0
BRDA:28,7,0,0
BRDA:28,7,1,0
BRDA:33,8,0,0
BRDA:33,8,1,0
BRDA:33,9,0,0
BRDA:33,9,1,0
BRF:21
BRH:11
end_of_record
TN:
SF:src\store\BooksStore\Books.types.ts
FN:44,(anonymous_0)
FNF:1
FNH:1
FNDA:2,(anonymous_0)
DA:44,2
DA:45,2
DA:46,2
DA:47,2
LF:4
LH:4
BRDA:44,0,0,2
BRDA:44,0,1,2
BRF:2
BRH:2
end_of_record
TN:
SF:src\store\CartStore\Cart.actions.ts
FN:22,(anonymous_13)
FN:27,(anonymous_14)
FN:32,(anonymous_15)
FN:38,(anonymous_16)
FN:38,(anonymous_17)
FN:38,(anonymous_18)
FNF:6
FNH:0
FNDA:0,(anonymous_13)
FNDA:0,(anonymous_14)
FNDA:0,(anonymous_15)
FNDA:0,(anonymous_16)
FNDA:0,(anonymous_17)
FNDA:0,(anonymous_18)
DA:4,1
DA:5,1
DA:22,1
DA:27,1
DA:32,1
DA:37,1
DA:38,1
DA:40,0
DA:41,0
DA:42,0
DA:44,0
DA:46,0
DA:48,0
DA:49,0
DA:53,0
DA:54,0
DA:59,0
DA:62,0
LF:18
LH:7
BRDA:34,0,0,0
BRDA:34,0,1,0
BRDA:34,1,0,0
BRDA:34,1,1,0
BRDA:46,2,0,0
BRDA:53,3,0,0
BRDA:53,3,1,0
BRDA:53,4,0,0
BRDA:53,4,1,0
BRDA:53,5,0,0
BRDA:53,5,1,0
BRDA:53,6,0,0
BRDA:53,6,1,0
BRDA:53,7,0,0
BRDA:53,7,1,0
BRDA:53,8,0,0
BRDA:53,8,1,0
BRDA:53,9,0,0
BRDA:53,9,1,0
BRDA:53,10,0,0
BRDA:53,10,1,0
BRDA:53,11,0,0
BRDA:53,11,1,0
BRF:23
BRH:0
end_of_record
TN:
SF:src\store\CartStore\Cart.reducer.ts
FN:12,(anonymous_3)
FN:21,(anonymous_4)
FN:25,(anonymous_5)
FN:51,(anonymous_6)
FN:53,(anonymous_7)
FNF:5
FNH:5
FNDA:9,(anonymous_3)
FNDA:2,(anonymous_4)
FNDA:1,(anonymous_5)
FNDA:1,(anonymous_6)
FNDA:1,(anonymous_7)
DA:1,2
DA:3,2
DA:12,2
DA:13,12
DA:16,9
DA:18,3
DA:19,3
DA:21,3
DA:23,3
DA:24,3
DA:25,1
DA:26,1
DA:27,1
DA:31,0
DA:34,2
DA:37,3
DA:45,2
DA:46,2
DA:48,2
DA:50,2
DA:51,1
DA:53,1
DA:54,1
DA:55,1
DA:59,0
DA:63,2
DA:71,0
DA:73,0
DA:75,0
DA:77,0
DA:80,4
DA:84,2
LF:32
LH:26
BRDA:13,0,0,3
BRDA:16,1,0,3
BRDA:16,1,1,2
BRDA:16,1,2,0
BRDA:16,1,3,0
BRDA:16,1,4,0
BRDA:16,1,5,0
BRDA:16,1,6,4
BRDA:16,2,0,1
BRDA:16,2,1,8
BRDA:16,3,0,9
BRDA:16,3,1,9
BRDA:24,4,0,1
BRDA:24,4,1,2
BRDA:26,5,0,1
BRDA:50,6,0,1
BRDA:50,6,1,1
BRDA:54,7,0,1
BRDA:73,8,0,0
BRDA:73,8,1,0
BRDA:73,9,0,0
BRDA:73,9,1,0
BRDA:75,10,0,0
BRDA:75,10,1,0
BRDA:75,11,0,0
BRDA:75,11,1,0
BRDA:77,12,0,0
BRDA:77,12,1,0
BRDA:77,13,0,0
BRDA:77,13,1,0
BRF:30
BRH:14
end_of_record
TN:
SF:src\store\CartStore\Cart.services.ts
FN:4,(anonymous_14)
FN:4,(anonymous_15)
FNF:2
FNH:0
FNDA:0,(anonymous_14)
FNDA:0,(anonymous_15)
DA:1,1
DA:4,1
LF:2
LH:2
BRDA:4,0,0,0
BRDA:4,0,1,0
BRF:2
BRH:0
end_of_record
TN:
SF:src\store\CartStore\Cart.types.ts
FN:65,(anonymous_0)
FNF:1
FNH:1
FNDA:2,(anonymous_0)
DA:65,2
DA:66,2
DA:67,2
DA:68,2
DA:69,2
DA:70,2
DA:71,2
LF:7
LH:7
BRDA:65,0,0,2
BRDA:65,0,1,2
BRF:2
BRH:2
end_of_record
